
ROM used:   1063/4096 (26%)
            1063/4096 (26%) including unused fragments

            1.1 Average locations per line
            5.9 Average locations per statement

RAM used:   37/191 (19%) at main() level
            43/191 (23%) worst case

Stack used: 2 worst case (1 in main + 1 for interrupts)
Stack size: 8

Lines Stmts  %   Files
----- ----- ---  -----
   72    31  17  main.c
  620     0   0  ..\..\..\..\..\..\..\Program Files (x86)\PICC\Devices\16F873A.h
  293   148  83  NRF24L01P.c
----- -----
  985   179 Total

Page ROM  %  RAM   Vol Diff  Functions:
---- --- --- ---   --- ----  ----------
 Inline         1             @delay_ms1
0    475  45    1  2299  3.9  config_nrf24
0    264  25    3  1436  6.9  envia_dados
 Inline         3   617  5.9  recebe_dados
0    116  11    0    20  1.3  interrupcao
0    159  15    0   943  5.3  MAIN
 Inline         0             @cinit1

Program metrics:
    Functions               5
    Statements              179
    Comments                184
    Volume (V)              6853
    Difficulty (D)          23.9
    Effort to implement (E) 163796
    Time to implement (T)   2 hours, 32 minutes
    Est Delivered Bugs (B)  1
    Cyclomatic Complexity   11
    Maintainability (MI)    76

 Segment     Used  Free
-----------  ----  ----
00000-00003     4  0  
00004-00030    45  0  
00031-007FF  1014  985  
00800-00FFF     0  2048  



