
ROM used:   1027/4096 (25%)
            1027/4096 (25%) including unused fragments

            1.0 Average locations per line
            4.8 Average locations per statement

RAM used:   44/191 (23%) at main() level
            48/191 (25%) worst case

Stack used: 3 worst case (2 in main + 1 for interrupts)
Stack size: 8

Lines Stmts  %   Files
----- ----- ---  -----
  131    67  31  main.c
  620     0   0  ..\..\..\..\..\..\..\Program Files (x86)\PICC\Devices\16F873A.h
  293   148  69  NRF24L01P.c
----- -----
 1044   215 Total

Page ROM  %  RAM   Vol Diff  Functions:
---- --- --- ---   --- ----  ----------
0     19   2    1             @delay_ms1
0    458  45    1  2299  3.9  config_nrf24
 Inline         3   617  5.9  recebe_dados
0    116  11    0    20  1.3  interrupcao
0    385  37    1  2553  6.6  MAIN
 Inline         0             @cinit1

Program metrics:
    Functions               4
    Statements              215
    Comments                187
    Volume (V)              6653
    Difficulty (D)          18.3
    Effort to implement (E) 122060
    Time to implement (T)   1 hours, 53 minutes
    Est Delivered Bugs (B)  1
    Cyclomatic Complexity   12
    Maintainability (MI)    21

 Segment     Used  Free
-----------  ----  ----
00000-00003     4  0  
00004-00030    45  0  
00031-007FF   978  1021  
00800-00FFF     0  2048  



